Log file open, 08/02/18 15:39:38
LogWindows: Failed to load 'aqProf.dll' (GetLastError=126)
LogWindows: File 'aqProf.dll' does not exist
LogWindows: Failed to load 'VtuneApi.dll' (GetLastError=126)
LogWindows: File 'VtuneApi.dll' does not exist
LogWindows: Failed to load 'VtuneApi32e.dll' (GetLastError=126)
LogWindows: File 'VtuneApi32e.dll' does not exist
LogInit: Display: Running engine for game: ProjectFPS
LogPlatformFile: Not using cached read wrapper
LogInit: Display: RandInit(-890365663) SRandInit(-890365663).
LogInit: Read version file with build ID '3944462'
LogInit: Overriding engine version to CL 4033788, compatible CL 3944462
LogInit: Registered custom module enumerator with build ID '3944462'
LogTaskGraph: Started task graph with 5 named threads and 11 total threads with 3 sets of task threads.
LogStats: Stats thread started at 0.127991
LogD3D11RHI: Aftermath initialized
LogICUInternationalization: Display: ICU TimeZone Detection - Raw Offset: +9:00, Platform Override: ''
LogPluginManager: Mounting plugin Paper2D
LogPluginManager: Mounting plugin LiveLink
LogPluginManager: Mounting plugin LightPropagationVolume
LogPluginManager: Mounting plugin CLionSourceCodeAccess
LogPluginManager: Mounting plugin CodeLiteSourceCodeAccess
LogPluginManager: Mounting plugin GitSourceControl
LogPluginManager: Mounting plugin KDevelopSourceCodeAccess
LogPluginManager: Mounting plugin NullSourceCodeAccess
LogPluginManager: Mounting plugin PerforceSourceControl
LogPluginManager: Mounting plugin SubversionSourceControl
LogPluginManager: Mounting plugin UObjectPlugin
LogPluginManager: Mounting plugin VisualStudioCodeSourceCodeAccess
LogPluginManager: Mounting plugin VisualStudioSourceCodeAccess
LogPluginManager: Mounting plugin XCodeSourceCodeAccess
LogPluginManager: Mounting plugin AssetManagerEditor
LogPluginManager: Mounting plugin CryptoKeys
LogPluginManager: Mounting plugin DataValidation
LogPluginManager: Mounting plugin FacialAnimation
LogPluginManager: Mounting plugin GameplayTagsEditor
LogPluginManager: Mounting plugin MobileLauncherProfileWizard
LogPluginManager: Mounting plugin PluginBrowser
LogPluginManager: Mounting plugin SpeedTreeImporter
LogPluginManager: Mounting plugin DatasmithContent
LogPluginManager: Mounting plugin AlembicImporter
LogPluginManager: Mounting plugin CharacterAI
LogPluginManager: Mounting plugin HTML5Networking
LogPluginManager: Mounting plugin AndroidMedia
LogPluginManager: Mounting plugin AvfMedia
LogPluginManager: Mounting plugin ImgMedia
LogPluginManager: Mounting plugin LinearTimecode
LogPluginManager: Mounting plugin MediaCompositing
LogPluginManager: Mounting plugin MediaPlayerEditor
LogPluginManager: Mounting plugin WmfMedia
LogPluginManager: Mounting plugin TcpMessaging
LogPluginManager: Mounting plugin UdpMessaging
LogPluginManager: Mounting plugin ActorSequence
LogPluginManager: Mounting plugin LevelSequenceEditor
LogPluginManager: Mounting plugin MatineeToLevelSequence
LogPluginManager: Mounting plugin NetcodeUnitTest
LogPluginManager: Mounting plugin NUTUnrealEngine4
LogPluginManager: Mounting plugin OnlineSubsystemGooglePlay
LogPluginManager: Mounting plugin OnlineSubsystemIOS
LogPluginManager: Mounting plugin OnlineSubsystem
LogPluginManager: Mounting plugin OnlineSubsystemNull
LogPluginManager: Mounting plugin OnlineSubsystemUtils
LogPluginManager: Mounting plugin AndroidDeviceProfileSelector
LogPluginManager: Mounting plugin AndroidMoviePlayer
LogPluginManager: Mounting plugin AndroidPermission
LogPluginManager: Mounting plugin AppleARKit
LogPluginManager: Mounting plugin AppleMoviePlayer
LogPluginManager: Mounting plugin ArchVisCharacter
LogPluginManager: Mounting plugin AudioCapture
LogPluginManager: Mounting plugin CableComponent
LogPluginManager: Mounting plugin CustomMeshComponent
LogPluginManager: Mounting plugin ExampleDeviceProfileSelector
LogPluginManager: Mounting plugin GoogleCloudMessaging
LogPluginManager: Mounting plugin ImmediatePhysics
LogPluginManager: Mounting plugin IOSDeviceProfileSelector
LogPluginManager: Mounting plugin LinuxDeviceProfileSelector
LogPluginManager: Mounting plugin LocationServicesBPLibrary
LogPluginManager: Mounting plugin MobilePatchingUtils
LogPluginManager: Mounting plugin OculusVR
LogPluginManager: Plugin shader directory ../../../Engine/Plugins/Runtime/Oculus/OculusVR/Shaders found
LogPluginManager: Mapping shader source directory ../../../Engine/Plugins/Runtime/Oculus/OculusVR/Shaders to virtual directory /Plugin/OculusVR
LogPluginManager: Mounting plugin PhysXVehicles
LogPluginManager: Mounting plugin ProceduralMeshComponent
LogPluginManager: Mounting plugin RuntimePhysXCooking
LogPluginManager: Mounting plugin SteamVR
LogPluginManager: Mounting plugin WindowsMoviePlayer
LogStreaming: Display: Took  0.065s to configure plugins.
LogModuleManager: Display: Found up-to-date module file E:/unreal/ProjectFPS/Binaries/Win64/UE4Editor-ProjectFPS-5390.dll (API version 3944462).
LogModuleManager: Display: Found up-to-date module file ../../../Engine/Plugins/2D/Paper2D/Binaries/Win64/UE4Editor-Paper2D.dll (API version 3944462).
LogModuleManager: Display: Found up-to-date module file ../../../Engine/Plugins/2D/Paper2D/Binaries/Win64/UE4Editor-Paper2DEditor.dll (API version 3944462).
LogModuleManager: Display: Found up-to-date module file ../../../Engine/Plugins/2D/Paper2D/Binaries/Win64/UE4Editor-PaperSpriteSheetImporter.dll (API version 3944462).
LogModuleManager: Display: Found up-to-date module file ../../../Engine/Plugins/2D/Paper2D/Binaries/Win64/UE4Editor-PaperTiledImporter.dll (API version 3944462).
LogModuleManager: Display: Found up-to-date module file ../../../Engine/Plugins/2D/Paper2D/Binaries/Win64/UE4Editor-SmartSnapping.dll (API version 3944462).
LogModuleManager: Display: Found up-to-date module file ../../../Engine/Plugins/Animation/LiveLink/Binaries/Win64/UE4Editor-LiveLink.dll (API version 3944462).
LogModuleManager: Display: Found up-to-date module file ../../../Engine/Plugins/Animation/LiveLink/Binaries/Win64/UE4Editor-LiveLinkEditor.dll (API version 3944462).
LogModuleManager: Display: Found up-to-date module file ../../../Engine/Plugins/Blendables/LightPropagationVolume/Binaries/Win64/UE4Editor-LightPropagationVolumeRuntime.dll (API version 3944462).
LogModuleManager: Display: Found up-to-date module file ../../../Engine/Plugins/Blendables/LightPropagationVolume/Binaries/Win64/UE4Editor-LightPropagationVolumeEditor.dll (API version 3944462).
LogModuleManager: Display: Found up-to-date module file ../../../Engine/Plugins/Developer/CLionSourceCodeAccess/Binaries/Win64/UE4Editor-CLionSourceCodeAccess.dll (API version 3944462).
LogModuleManager: Display: Found up-to-date module file ../../../Engine/Plugins/Developer/GitSourceControl/Binaries/Win64/UE4Editor-GitSourceControl.dll (API version 3944462).
LogModuleManager: Display: Found up-to-date module file ../../../Engine/Plugins/Developer/PerforceSourceControl/Binaries/Win64/UE4Editor-PerforceSourceControl.dll (API version 3944462).
LogModuleManager: Display: Found up-to-date module file ../../../Engine/Plugins/Developer/SubversionSourceControl/Binaries/Win64/UE4Editor-SubversionSourceControl.dll (API version 3944462).
LogModuleManager: Display: Found up-to-date module file ../../../Engine/Plugins/Developer/UObjectPlugin/Binaries/Win64/UE4Editor-UObjectPlugin.dll (API version 3944462).
LogModuleManager: Display: Found up-to-date module file ../../../Engine/Plugins/Developer/VisualStudioCodeSourceCodeAccess/Binaries/Win64/UE4Editor-VisualStudioCodeSourceCodeAccess.dll (API version 3944462).
LogModuleManager: Display: Found up-to-date module file ../../../Engine/Plugins/Developer/VisualStudioSourceCodeAccess/Binaries/Win64/UE4Editor-VisualStudioSourceCodeAccess.dll (API version 3944462).
LogModuleManager: Display: Found up-to-date module file ../../../Engine/Plugins/Editor/AssetManagerEditor/Binaries/Win64/UE4Editor-AssetManagerEditor.dll (API version 3944462).
LogModuleManager: Display: Found up-to-date module file ../../../Engine/Plugins/Editor/CryptoKeys/Binaries/Win64/UE4Editor-CryptoKeys.dll (API version 3944462).
LogModuleManager: Display: Found up-to-date module file ../../../Engine/Plugins/Editor/CryptoKeys/Binaries/Win64/UE4Editor-CryptoKeysOpenSSL.dll (API version 3944462).
LogModuleManager: Display: Found up-to-date module file ../../../Engine/Plugins/Editor/DataValidation/Binaries/Win64/UE4Editor-DataValidation.dll (API version 3944462).
LogModuleManager: Display: Found up-to-date module file ../../../Engine/Plugins/Editor/FacialAnimation/Binaries/Win64/UE4Editor-FacialAnimation.dll (API version 3944462).
LogModuleManager: Display: Found up-to-date module file ../../../Engine/Plugins/Editor/FacialAnimation/Binaries/Win64/UE4Editor-FacialAnimationEditor.dll (API version 3944462).
LogModuleManager: Display: Found up-to-date module file ../../../Engine/Plugins/Editor/GameplayTagsEditor/Binaries/Win64/UE4Editor-GameplayTagsEditor.dll (API version 3944462).
LogModuleManager: Display: Found up-to-date module file ../../../Engine/Plugins/Editor/MobileLauncherProfileWizard/Binaries/Win64/UE4Editor-MobileLauncherProfileWizard.dll (API version 3944462).
LogModuleManager: Display: Found up-to-date module file ../../../Engine/Plugins/Editor/PluginBrowser/Binaries/Win64/UE4Editor-PluginBrowser.dll (API version 3944462).
LogModuleManager: Display: Found up-to-date module file ../../../Engine/Plugins/Editor/SpeedTreeImporter/Binaries/Win64/UE4Editor-SpeedTreeImporter.dll (API version 3944462).
LogModuleManager: Display: Found up-to-date module file ../../../Engine/Plugins/Enterprise/DatasmithContent/Binaries/Win64/UE4Editor-DatasmithContent.dll (API version 3944462).
LogModuleManager: Display: Found up-to-date module file ../../../Engine/Plugins/Experimental/AlembicImporter/Binaries/Win64/UE4Editor-AlembicImporter.dll (API version 3944462).
LogModuleManager: Display: Found up-to-date module file ../../../Engine/Plugins/Experimental/AlembicImporter/Binaries/Win64/UE4Editor-AlembicLibrary.dll (API version 3944462).
LogModuleManager: Display: Found up-to-date module file ../../../Engine/Plugins/Experimental/CharacterAI/Binaries/Win64/UE4Editor-CharacterAI.dll (API version 3944462).
LogModuleManager: Display: Found up-to-date module file ../../../Engine/Plugins/Experimental/HTML5Networking/Binaries/Win64/UE4Editor-HTML5Networking.dll (API version 3944462).
LogModuleManager: Display: Found up-to-date module file ../../../Engine/Plugins/Media/AndroidMedia/Binaries/Win64/UE4Editor-AndroidMediaEditor.dll (API version 3944462).
LogModuleManager: Display: Found up-to-date module file ../../../Engine/Plugins/Media/AndroidMedia/Binaries/Win64/UE4Editor-AndroidMediaFactory.dll (API version 3944462).
LogModuleManager: Display: Found up-to-date module file ../../../Engine/Plugins/Media/AvfMedia/Binaries/Win64/UE4Editor-AvfMediaEditor.dll (API version 3944462).
LogModuleManager: Display: Found up-to-date module file ../../../Engine/Plugins/Media/AvfMedia/Binaries/Win64/UE4Editor-AvfMediaFactory.dll (API version 3944462).
LogModuleManager: Display: Found up-to-date module file ../../../Engine/Plugins/Media/AvfMedia/Binaries/Win64/UE4Editor-AvfMediaFactory.dll (API version 3944462).
LogModuleManager: Display: Found up-to-date module file ../../../Engine/Plugins/Media/ImgMedia/Binaries/Win64/UE4Editor-ImgMedia.dll (API version 3944462).
LogModuleManager: Display: Found up-to-date module file ../../../Engine/Plugins/Media/ImgMedia/Binaries/Win64/UE4Editor-ImgMediaEditor.dll (API version 3944462).
LogModuleManager: Display: Found up-to-date module file ../../../Engine/Plugins/Media/ImgMedia/Binaries/Win64/UE4Editor-ImgMediaFactory.dll (API version 3944462).
LogModuleManager: Display: Found up-to-date module file ../../../Engine/Plugins/Media/ImgMedia/Binaries/Win64/UE4Editor-ImgMediaFactory.dll (API version 3944462).
LogModuleManager: Display: Found up-to-date module file ../../../Engine/Plugins/Media/ImgMedia/Binaries/Win64/UE4Editor-OpenExrWrapper.dll (API version 3944462).
LogModuleManager: Display: Found up-to-date module file ../../../Engine/Plugins/Media/LinearTimecode/Binaries/Win64/UE4Editor-LinearTimecode.dll (API version 3944462).
LogModuleManager: Display: Found up-to-date module file ../../../Engine/Plugins/Media/MediaCompositing/Binaries/Win64/UE4Editor-MediaCompositing.dll (API version 3944462).
LogModuleManager: Display: Found up-to-date module file ../../../Engine/Plugins/Media/MediaCompositing/Binaries/Win64/UE4Editor-MediaCompositingEditor.dll (API version 3944462).
LogModuleManager: Display: Found up-to-date module file ../../../Engine/Plugins/Media/MediaPlayerEditor/Binaries/Win64/UE4Editor-MediaPlayerEditor.dll (API version 3944462).
LogModuleManager: Display: Found up-to-date module file ../../../Engine/Plugins/Media/WmfMedia/Binaries/Win64/UE4Editor-WmfMedia.dll (API version 3944462).
LogModuleManager: Display: Found up-to-date module file ../../../Engine/Plugins/Media/WmfMedia/Binaries/Win64/UE4Editor-WmfMediaEditor.dll (API version 3944462).
LogModuleManager: Display: Found up-to-date module file ../../../Engine/Plugins/Media/WmfMedia/Binaries/Win64/UE4Editor-WmfMediaFactory.dll (API version 3944462).
LogModuleManager: Display: Found up-to-date module file ../../../Engine/Plugins/Media/WmfMedia/Binaries/Win64/UE4Editor-WmfMediaFactory.dll (API version 3944462).
LogModuleManager: Display: Found up-to-date module file ../../../Engine/Plugins/Messaging/TcpMessaging/Binaries/Win64/UE4Editor-TcpMessaging.dll (API version 3944462).
LogModuleManager: Display: Found up-to-date module file ../../../Engine/Plugins/Messaging/UdpMessaging/Binaries/Win64/UE4Editor-UdpMessaging.dll (API version 3944462).
LogModuleManager: Display: Found up-to-date module file ../../../Engine/Plugins/MovieScene/ActorSequence/Binaries/Win64/UE4Editor-ActorSequence.dll (API version 3944462).
LogModuleManager: Display: Found up-to-date module file ../../../Engine/Plugins/MovieScene/LevelSequenceEditor/Binaries/Win64/UE4Editor-LevelSequenceEditor.dll (API version 3944462).
LogModuleManager: Display: Found up-to-date module file ../../../Engine/Plugins/MovieScene/MatineeToLevelSequence/Binaries/Win64/UE4Editor-MatineeToLevelSequence.dll (API version 3944462).
LogModuleManager: Display: Found up-to-date module file ../../../Engine/Plugins/NetcodeUnitTest/NetcodeUnitTest/Binaries/Win64/UE4Editor-NetcodeUnitTest.dll (API version 3944462).
LogModuleManager: Display: Found up-to-date module file ../../../Engine/Plugins/NetcodeUnitTest/NUTUnrealEngine4/Binaries/Win64/UE4Editor-NUTUnrealEngine4.dll (API version 3944462).
LogModuleManager: Display: Found up-to-date module file ../../../Engine/Plugins/Online/OnlineSubsystem/Binaries/Win64/UE4Editor-OnlineSubsystem.dll (API version 3944462).
LogModuleManager: Display: Found up-to-date module file ../../../Engine/Plugins/Online/OnlineSubsystemNull/Binaries/Win64/UE4Editor-OnlineSubsystemNull.dll (API version 3944462).
LogModuleManager: Display: Found up-to-date module file ../../../Engine/Plugins/Online/OnlineSubsystemUtils/Binaries/Win64/UE4Editor-OnlineSubsystemUtils.dll (API version 3944462).
LogModuleManager: Display: Found up-to-date module file ../../../Engine/Plugins/Online/OnlineSubsystemUtils/Binaries/Win64/UE4Editor-OnlineBlueprintSupport.dll (API version 3944462).
LogModuleManager: Display: Found up-to-date module file ../../../Engine/Plugins/Runtime/AndroidDeviceProfileSelector/Binaries/Win64/UE4Editor-AndroidDeviceProfileSelector.dll (API version 3944462).
LogModuleManager: Display: Found up-to-date module file ../../../Engine/Plugins/Runtime/AndroidPermission/Binaries/Win64/UE4Editor-AndroidPermission.dll (API version 3944462).
LogModuleManager: Display: Found up-to-date module file ../../../Engine/Plugins/Runtime/AppleARKit/Binaries/Win64/UE4Editor-AppleARKit.dll (API version 3944462).
LogModuleManager: Display: Found up-to-date module file ../../../Engine/Plugins/Runtime/ArchVisCharacter/Binaries/Win64/UE4Editor-ArchVisCharacter.dll (API version 3944462).
LogModuleManager: Display: Found up-to-date module file ../../../Engine/Plugins/Runtime/AudioCapture/Binaries/Win64/UE4Editor-AudioCapture.dll (API version 3944462).
LogModuleManager: Display: Found up-to-date module file ../../../Engine/Plugins/Runtime/AudioCapture/Binaries/Win64/UE4Editor-AudioCaptureEditor.dll (API version 3944462).
LogModuleManager: Display: Found up-to-date module file ../../../Engine/Plugins/Runtime/CableComponent/Binaries/Win64/UE4Editor-CableComponent.dll (API version 3944462).
LogModuleManager: Display: Found up-to-date module file ../../../Engine/Plugins/Runtime/CustomMeshComponent/Binaries/Win64/UE4Editor-CustomMeshComponent.dll (API version 3944462).
LogModuleManager: Display: Found up-to-date module file ../../../Engine/Plugins/Runtime/ExampleDeviceProfileSelector/Binaries/Win64/UE4Editor-ExampleDeviceProfileSelector.dll (API version 3944462).
LogModuleManager: Display: Found up-to-date module file ../../../Engine/Plugins/Runtime/ImmediatePhysics/Binaries/Win64/UE4Editor-ImmediatePhysics.dll (API version 3944462).
LogModuleManager: Display: Found up-to-date module file ../../../Engine/Plugins/Runtime/ImmediatePhysics/Binaries/Win64/UE4Editor-ImmediatePhysicsEditor.dll (API version 3944462).
LogModuleManager: Display: Found up-to-date module file ../../../Engine/Plugins/Runtime/LocationServicesBPLibrary/Binaries/Win64/UE4Editor-LocationServicesBPLibrary.dll (API version 3944462).
LogModuleManager: Display: Found up-to-date module file ../../../Engine/Plugins/Runtime/MobilePatchingUtils/Binaries/Win64/UE4Editor-MobilePatchingUtils.dll (API version 3944462).
LogModuleManager: Display: Found up-to-date module file ../../../Engine/Plugins/Runtime/Oculus/OculusVR/Binaries/Win64/UE4Editor-OculusHMD.dll (API version 3944462).
LogModuleManager: Display: Found up-to-date module file ../../../Engine/Plugins/Runtime/Oculus/OculusVR/Binaries/Win64/UE4Editor-OculusInput.dll (API version 3944462).
LogModuleManager: Display: Found up-to-date module file ../../../Engine/Plugins/Runtime/Oculus/OculusVR/Binaries/Win64/UE4Editor-OculusEditor.dll (API version 3944462).
LogModuleManager: Display: Found up-to-date module file ../../../Engine/Plugins/Runtime/PhysXVehicles/Binaries/Win64/UE4Editor-PhysXVehicles.dll (API version 3944462).
LogModuleManager: Display: Found up-to-date module file ../../../Engine/Plugins/Runtime/PhysXVehicles/Binaries/Win64/UE4Editor-PhysXVehiclesEditor.dll (API version 3944462).
LogModuleManager: Display: Found up-to-date module file ../../../Engine/Plugins/Runtime/ProceduralMeshComponent/Binaries/Win64/UE4Editor-ProceduralMeshComponent.dll (API version 3944462).
LogModuleManager: Display: Found up-to-date module file ../../../Engine/Plugins/Runtime/ProceduralMeshComponent/Binaries/Win64/UE4Editor-ProceduralMeshComponentEditor.dll (API version 3944462).
LogModuleManager: Display: Found up-to-date module file ../../../Engine/Plugins/Runtime/RuntimePhysXCooking/Binaries/Win64/UE4Editor-RuntimePhysXCooking.dll (API version 3944462).
LogModuleManager: Display: Found up-to-date module file ../../../Engine/Plugins/Runtime/Steam/SteamVR/Binaries/Win64/UE4Editor-SteamVR.dll (API version 3944462).
LogModuleManager: Display: Found up-to-date module file ../../../Engine/Plugins/Runtime/Steam/SteamVR/Binaries/Win64/UE4Editor-SteamVRController.dll (API version 3944462).
LogModuleManager: Display: Found up-to-date module file ../../../Engine/Plugins/Runtime/WindowsMoviePlayer/Binaries/Win64/UE4Editor-WindowsMoviePlayer.dll (API version 3944462).
LogInit: Using libcurl 7.47.1
LogInit:  - built for x86_64-pc-win32
LogInit:  - supports SSL with OpenSSL/1.0.2g
LogInit:  - supports HTTP deflate (compression) using libz 1.2.8
LogInit:  - other features:
LogInit:      CURL_VERSION_SSL
LogInit:      CURL_VERSION_LIBZ
LogInit:      CURL_VERSION_IPV6
LogInit:      CURL_VERSION_ASYNCHDNS
LogInit:      CURL_VERSION_LARGEFILE
LogInit:      CURL_VERSION_IDN
LogInit:  CurlRequestOptions (configurable via config and command line):
LogInit:  - bVerifyPeer = false  - Libcurl will NOT verify peer certificate
LogInit:  - bUseHttpProxy = false  - Libcurl will NOT use HTTP proxy
LogInit:  - bDontReuseConnections = false  - Libcurl will reuse connections
LogInit:  - CertBundlePath = nullptr  - Libcurl will use whatever was configured at build time.
LogInit:  - MaxHostConnections = 16  - Libcurl will limit the number of connections to a host
LogInit:  - LocalHostAddr = Default
LogInit: WinSock: version 1.1 (2.2), MaxSocks=32767, MaxUdp=65467
LogInit: WinSock: I am com-PC (192.168.0.17:0)
LogInit: Build: ++UE4+Release-4.19-CL-4033788
LogInit: Engine Version: 4.19.2-4033788+++UE4+Release-4.19
LogInit: Compatible Engine Version: 4.19.0-3944462+++UE4+Release-4.19
LogInit: Net CL: 3944462
LogDevObjectVersion: Number of dev versions registered: 18
LogDevObjectVersion:   Dev-Blueprints (B0D832E4-1F89-4F0D-ACCF-7EB736FD4AA2): 10
LogDevObjectVersion:   Dev-Build (E1C64328-A22C-4D53-A36C-8E866417BD8C): 0
LogDevObjectVersion:   Dev-Core (375EC13C-06E4-48FB-B500-84F0262A717E): 2
LogDevObjectVersion:   Dev-Editor (E4B068ED-F494-42E9-A231-DA0B2E46BB41): 23
LogDevObjectVersion:   Dev-Framework (CFFC743F-43B0-4480-9391-14DF171D2073): 33
LogDevObjectVersion:   Dev-Mobile (B02B49B5-BB20-44E9-A304-32B752E40360): 2
LogDevObjectVersion:   Dev-Networking (A4E4105C-59A1-49B5-A7C5-40C4547EDFEE): 0
LogDevObjectVersion:   Dev-Online (39C831C9-5AE6-47DC-9A44-9C173E1C8E7C): 0
LogDevObjectVersion:   Dev-Physics (78F01B33-EBEA-4F98-B9B4-84EACCB95AA2): 0
LogDevObjectVersion:   Dev-Platform (6631380F-2D4D-43E0-8009-CF276956A95A): 0
LogDevObjectVersion:   Dev-Rendering (12F88B9F-8875-4AFC-A67C-D90C383ABD29): 25
LogDevObjectVersion:   Dev-Sequencer (7B5AE74C-D270-4C10-A958-57980B212A5A): 6
LogDevObjectVersion:   Dev-VR (D7296918-1DD6-4BDD-9DE2-64A83CC13884): 1
LogDevObjectVersion:   Dev-LoadTimes (C2A15278-BFE7-4AFE-6C17-90FF531DF755): 1
LogDevObjectVersion:   Private-Geometry (6EACA3D4-40EC-4CC1-B786-8BED09428FC5): 2
LogDevObjectVersion:   Dev-AnimPhys (29E575DD-E0A3-4627-9D10-D276232CDCEA): 16
LogDevObjectVersion:   Dev-ReflectionCapture (6B266CEC-1EC7-4B8F-A30B-E4D90942FC07): 1
LogDevObjectVersion:   Dev-Automation (0DF73D61-A23F-47EA-B727-89E90C41499A): 1
LogInit: Compiled (64-bit): Apr 27 2018 02:06:57
LogInit: Compiled with Visual C++: 19.00.24215.01
LogInit: Build Configuration: Development
LogInit: Branch Name: ++UE4+Release-4.19
LogInit: Command Line:  -skipcompile
LogInit: Base Directory: C:/Program Files/Epic Games/UE_4.19/Engine/Binaries/Win64/
LogInit: Installed Engine Build: 1
LogStreaming: Display: Took  0.000s to delete old logs.
LogInit: Presizing for max 8388607 objects, including 0 objects not considered by GC, pre-allocating 0 bytes for permanent pool.
LogInit: Object subsystem initialized
[2018.08.02-06.39.40:500][  0]LogInit: Selected Device Profile: [Windows]
[2018.08.02-06.39.40:500][  0]LogInit: Applying CVar settings loaded from the selected device profile: [Windows]
[2018.08.02-06.39.40:508][  0]LogInit: Computer: COM-PC
[2018.08.02-06.39.40:508][  0]LogInit: User: com
[2018.08.02-06.39.40:508][  0]LogInit: CPU Page size=4096, Cores=2
[2018.08.02-06.39.40:508][  0]LogInit: High frequency timer resolution =3.820419 MHz
[2018.08.02-06.39.40:508][  0]LogMemory: Memory total: Physical=8.0GB (8GB approx)
[2018.08.02-06.39.40:508][  0]LogMemory: Platform Memory Stats for Windows
[2018.08.02-06.39.40:508][  0]LogMemory: Process Physical Memory: 274.77 MB used, 274.77 MB peak
[2018.08.02-06.39.40:508][  0]LogMemory: Process Virtual Memory: 268.03 MB used, 268.03 MB peak
[2018.08.02-06.39.40:508][  0]LogMemory: Physical Memory: 3887.09 MB used,  4269.04 MB free, 8156.13 MB total
[2018.08.02-06.39.40:508][  0]LogMemory: Virtual Memory: 632.46 MB used,  4269.04 MB free, 8388608.00 MB total
[2018.08.02-06.39.40:527][  0]LogInit: Using OS detected language (ko-KR).
[2018.08.02-06.39.40:527][  0]LogInit: Using OS detected locale (ko-KR).
[2018.08.02-06.39.40:530][  0]LogTextLocalizationManager: No specific localization for 'ko-KR' exists, so the 'ko' localization will be used.
[2018.08.02-06.39.40:860][  0]LogStreaming: Display: Took  0.333s to EndInitTextLocalization.
[2018.08.02-06.39.40:861][  0]LogWindows: Failed to load 'shcore.dll' (GetLastError=126)
[2018.08.02-06.39.40:861][  0]LogWindows: File 'shcore.dll' does not exist
[2018.08.02-06.39.40:861][  0]LogInit: Setting process to DPI aware
[2018.08.02-06.39.40:864][  0]LogWindows: Failed to load 'shcore.dll' (GetLastError=126)
[2018.08.02-06.39.40:864][  0]LogWindows: File 'shcore.dll' does not exist
[2018.08.02-06.39.40:864][  0]LogInit: Setting process to DPI aware
[2018.08.02-06.39.40:893][  0]LogSlate: New Slate User Created.  User Index 0, Is Virtual User: 0
[2018.08.02-06.39.40:894][  0]LogSlate: Slate User Registered.  User Index 0, Is Virtual User: 0
[2018.08.02-06.39.41:121][  0]LogD3D11RHI: D3D11 adapters:
[2018.08.02-06.39.41:150][  0]LogD3D11RHI:    0. 'NVIDIA GeForce GT 730' (Feature Level 11_0)
[2018.08.02-06.39.41:150][  0]LogD3D11RHI:       963/0/3072 MB DedicatedVideo/DedicatedSystem/SharedSystem, Outputs:2, VendorId:0x10de
[2018.08.02-06.39.41:150][  0]LogD3D11RHI: Chosen D3D11 Adapter: 0
[2018.08.02-06.39.41:156][  0]LogD3D11RHI: Creating new Direct3DDevice
[2018.08.02-06.39.41:156][  0]LogD3D11RHI:     GPU DeviceId: 0x1287 (for the marketing name, search the web for "GPU Device Id")
[2018.08.02-06.39.41:156][  0]LogWindows: EnumDisplayDevices:
[2018.08.02-06.39.41:157][  0]LogWindows:    0. 'NVIDIA GeForce GT 730' (P:1 D:1)
[2018.08.02-06.39.41:157][  0]LogWindows:    1. 'NVIDIA GeForce GT 730' (P:0 D:1)
[2018.08.02-06.39.41:157][  0]LogWindows:    2. 'NVIDIA GeForce GT 730' (P:0 D:0)
[2018.08.02-06.39.41:157][  0]LogWindows:    3. 'RDPDD Chained DD' (P:0 D:0)
[2018.08.02-06.39.41:157][  0]LogWindows:    4. 'RDP Encoder Mirror Driver' (P:0 D:0)
[2018.08.02-06.39.41:157][  0]LogWindows:    5. 'RDP Reflector Display Driver' (P:0 D:0)
[2018.08.02-06.39.41:157][  0]LogWindows: DebugString: GetVideoDriverDetailsInvalid PrimaryIsNotTheChoosenAdapter GetVideoDriverDetailsInvalid PrimaryIsNotTheChoosenAdapter GetVideoDriverDetailsInvalid PrimaryIsNotTheChoosenAdapter FoundDriverCount:3 
[2018.08.02-06.39.41:158][  0]LogD3D11RHI:     Adapter Name: NVIDIA GeForce GT 730
[2018.08.02-06.39.41:158][  0]LogD3D11RHI:   Driver Version: 391.35 (internal:23.21.13.9135, unified:391.35)
[2018.08.02-06.39.41:158][  0]LogD3D11RHI:      Driver Date: 3-23-2018
[2018.08.02-06.39.41:158][  0]LogRHI: Texture pool is 674 MB (70% of 963 MB)
[2018.08.02-06.39.41:169][  0]LogD3D11RHI: [Aftermath] Aftermath enabled and primed
[2018.08.02-06.39.41:169][  0]LogD3D11RHI: [Aftermath] Aftermath enabled and primed
[2018.08.02-06.39.41:169][  0]LogD3D11RHI: Async texture creation enabled
[2018.08.02-06.39.41:183][  0]LogD3D11RHI: GPU Timing Frequency: 1000.000000 (Debug: 2 2)
[2018.08.02-06.39.41:186][  0]LogShaderCompilers: Guid format shader working directory is 24 characters bigger than the processId version (E:/unreal/ProjectFPS/Intermediate/Shaders/WorkingDirectory/6924/).
[2018.08.02-06.39.41:186][  0]LogShaderCompilers: Cleaned the shader compiler working directory 'C:/Users/com/AppData/Local/Temp/UnrealShaderWorkingDir/70449D7E45745C322D1AC2B986D0BEFF/'.
[2018.08.02-06.39.41:360][  0]LogTemp: Display: Loaded TP AllDesktopTargetPlatform
[2018.08.02-06.39.41:371][  0]LogTemp: Display: Loaded TP MacClientTargetPlatform
[2018.08.02-06.39.41:382][  0]LogTemp: Display: Loaded TP MacNoEditorTargetPlatform
[2018.08.02-06.39.41:393][  0]LogTemp: Display: Loaded TP MacServerTargetPlatform
[2018.08.02-06.39.41:405][  0]LogTemp: Display: Loaded TP MacTargetPlatform
[2018.08.02-06.39.41:416][  0]LogTemp: Display: Loaded TP WindowsClientTargetPlatform
[2018.08.02-06.39.41:427][  0]LogTemp: Display: Loaded TP WindowsNoEditorTargetPlatform
[2018.08.02-06.39.41:439][  0]LogTemp: Display: Loaded TP WindowsServerTargetPlatform
[2018.08.02-06.39.41:444][  0]LogTemp: Display: Loaded TP WindowsTargetPlatform
[2018.08.02-06.39.41:454][  0]LogTemp: Display: Loaded TP Android_ASTCTargetPlatform
[2018.08.02-06.39.41:466][  0]LogTemp: Display: Loaded TP Android_ATCTargetPlatform
[2018.08.02-06.39.41:475][  0]LogTemp: Display: Loaded TP Android_DXTTargetPlatform
[2018.08.02-06.39.41:485][  0]LogTemp: Display: Loaded TP Android_ETC1aTargetPlatform
[2018.08.02-06.39.41:496][  0]LogTemp: Display: Loaded TP Android_ETC1TargetPlatform
[2018.08.02-06.39.41:506][  0]LogTemp: Display: Loaded TP Android_ETC2TargetPlatform
[2018.08.02-06.39.41:526][  0]LogTemp: Display: Loaded TP Android_MultiTargetPlatform
[2018.08.02-06.39.41:526][  0]LogTemp: Display: Loaded TP Android_PVRTCTargetPlatform
[2018.08.02-06.39.41:536][  0]LogTemp: Display: Loaded TP AndroidTargetPlatform
[2018.08.02-06.39.41:538][  0]LogTemp: Display: Loaded TP HTML5TargetPlatform
[2018.08.02-06.39.41:570][  0]LogTemp: Display: Loaded TP IOSTargetPlatform
[2018.08.02-06.39.41:579][  0]LogTemp: Display: Loaded TP TVOSTargetPlatform
[2018.08.02-06.39.41:590][  0]LogTemp: Display: Loaded TP LinuxClientTargetPlatform
[2018.08.02-06.39.41:600][  0]LogTemp: Display: Loaded TP LinuxNoEditorTargetPlatform
[2018.08.02-06.39.41:610][  0]LogTemp: Display: Loaded TP LinuxServerTargetPlatform
[2018.08.02-06.39.41:620][  0]LogTemp: Display: Loaded TP LinuxTargetPlatform
[2018.08.02-06.39.41:620][  0]LogTargetPlatformManager: Display: Building Assets For Windows
[2018.08.02-06.39.41:711][  0]LogXGEController: Cleaning working directory: C:/Users/com/AppData/Local/Temp/UnrealXGEWorkingDir/
[2018.08.02-06.39.41:711][  0]LogXGEController: Cannot use XGE Controller as Incredibuild is not installed on this machine.
[2018.08.02-06.39.41:711][  0]LogShaderCompilers: Cannot use XGE Shader Compiler as Incredibuild is not installed on this machine.
[2018.08.02-06.39.41:711][  0]LogShaderCompilers: Display: Using Local Shader Compiler.
[2018.08.02-06.39.42:378][  0]LogDerivedDataCache: Display: Max Cache Size: 512 MB
[2018.08.02-06.39.42:456][  0]LogDerivedDataCache: Loaded boot cache 0.08s 74MB C:/Users/com/AppData/Local/UnrealEngine/4.19/DerivedDataCache/Boot.ddc.
[2018.08.02-06.39.42:457][  0]LogDerivedDataCache: Display: Loaded Boot cache: C:/Users/com/AppData/Local/UnrealEngine/4.19/DerivedDataCache/Boot.ddc
[2018.08.02-06.39.42:457][  0]LogDerivedDataCache: FDerivedDataBackendGraph:  Pak pak cache file E:/unreal/ProjectFPS/DerivedDataCache/DDC.ddp not found, will not use a pak cache.
[2018.08.02-06.39.42:457][  0]LogDerivedDataCache: Unable to find inner node Pak for hierarchical cache Hierarchy.
[2018.08.02-06.39.42:457][  0]LogDerivedDataCache: FDerivedDataBackendGraph:  CompressedPak pak cache file E:/unreal/ProjectFPS/DerivedDataCache/Compressed.ddp not found, will not use a pak cache.
[2018.08.02-06.39.42:457][  0]LogDerivedDataCache: Unable to find inner node CompressedPak for hierarchical cache Hierarchy.
[2018.08.02-06.39.42:473][  0]LogDerivedDataCache: Display: Pak cache opened for reading ../../../Engine/DerivedDataCache/Compressed.ddp.
[2018.08.02-06.39.42:484][  0]LogDerivedDataCache: Using Local data cache path C:/Users/com/AppData/Local/UnrealEngine/Common/DerivedDataCache: Writable
[2018.08.02-06.39.42:484][  0]LogDerivedDataCache: Shared data cache path not found in *engine.ini, will not use an Shared cache.
[2018.08.02-06.39.42:484][  0]LogDerivedDataCache: Unable to find inner node Shared for hierarchical cache Hierarchy.
[2018.08.02-06.39.42:495][  0]LogMaterial: Verifying Global Shaders for PCD3D_SM5
[2018.08.02-06.39.42:495][  0]LogSlate: Using Freetype 2.6.0
[2018.08.02-06.39.42:496][  0]LogSlate: SlateFontCache - WITH_FREETYPE: 1, WITH_HARFBUZZ: 1
[2018.08.02-06.39.42:496][  0]LogSlate: SlateFontCache - WITH_FREETYPE: 1, WITH_HARFBUZZ: 1
[2018.08.02-06.39.42:621][  0]LogAssetRegistry: FAssetRegistry took 0.0313 seconds to start up
[2018.08.02-06.39.42:917][  0]LogInit: Selected Device Profile: [Windows]
[2018.08.02-06.39.43:049][  0]LogSimplygon: Simplygon DLL not present - disabling.
[2018.08.02-06.39.43:051][  0]LogMeshReduction: Using SimplygonSwarm for distributed automatic mesh merging
[2018.08.02-06.39.43:051][  0]LogMeshReduction: Using QuadricMeshReduction for automatic static mesh reduction
[2018.08.02-06.39.43:051][  0]LogMeshReduction: No automatic skeletal mesh reduction module available
[2018.08.02-06.39.43:051][  0]LogMeshReduction: No automatic mesh merging module available
[2018.08.02-06.39.43:051][  0]LogMeshMerging: No automatic mesh merging module available
[2018.08.02-06.39.43:080][  0]LogNetVersion: ProjectFPS , NetCL: 3944462, EngineNetVer: 2, GameNetVer: 0 (Checksum: 227021940)
[2018.08.02-06.39.43:508][  0]LogPackageLocalizationCache: Processed 9 localized package path(s) for 2 prioritized culture(s) in 0.061574 seconds
[2018.08.02-06.39.43:513][  0]LogUObjectArray: 36729 objects as part of root set at end of initial load.
[2018.08.02-06.39.43:513][  0]LogUObjectAllocator: 7314528 out of 0 bytes used by permanent object pool.
[2018.08.02-06.39.43:513][  0]LogUObjectArray: CloseDisregardForGC: 0/0 objects in disregard for GC pool
[2018.08.02-06.39.45:138][  0]LogTcpMessaging: Initializing TcpMessaging bridge
[2018.08.02-06.39.45:165][  0]LogUdpMessaging: Initializing bridge on interface 0.0.0.0:0 to multicast group 230.0.0.1:6666.
[2018.08.02-06.39.45:461][  0]SourceControl: 소스 콘트롤이 꺼졌습니다.
[2018.08.02-06.39.45:461][  0]SourceControl: 소스 콘트롤이 꺼졌습니다.
[2018.08.02-06.39.45:476][  0]SourceControl: 소스 콘트롤이 꺼졌습니다.
[2018.08.02-06.39.45:489][  0]SourceControl: 소스 콘트롤이 꺼졌습니다.
[2018.08.02-06.39.45:934][  0]LogAndroidPermission: UAndroidPermissionCallbackProxy::GetInstance
[2018.08.02-06.39.46:094][  0]LogOcInput: OculusInput pre-init called
[2018.08.02-06.39.46:186][  0]LogEngine: Initializing Engine...
[2018.08.02-06.39.46:188][  0]LogHMD: Failed to initialize OpenVR with code 110
[2018.08.02-06.39.46:189][  0]LogStats: UGameplayTagsManager::ConstructGameplayTagTree: Construct from data asset -  0.000 s
[2018.08.02-06.39.46:189][  0]LogStats: UGameplayTagsManager::ConstructGameplayTagTree: GameplayTagTreeChangedEvent.Broadcast -  0.000 s
[2018.08.02-06.39.46:447][  0]LogAIModule: Creating AISystem for world Untitled
[2018.08.02-06.39.46:459][  0]LogInit: XAudio2 using '헤드폰(High Definition Audio 장치)' : 2 channels at 44.1 kHz using 16 bits per sample (channel mask 0x3)
[2018.08.02-06.39.46:466][  0]LogInit: FAudioDevice initialized.
[2018.08.02-06.39.46:555][  0]LogDerivedDataCache: Saved boot cache 0.09s 74MB C:/Users/com/AppData/Local/UnrealEngine/4.19/DerivedDataCache/Boot.ddc.
[2018.08.02-06.39.46:568][  0]LogInit: Texture streaming: Enabled
[2018.08.02-06.39.46:581][  0]LogEngineSessionManager: EngineSessionManager initialized
[2018.08.02-06.39.46:581][  0]LogEngineSessionManager: EngineSessionManager sent abnormal shutdown report. Type=Crashed, SessionId={7B058DD9-4E1C-EC6C-6607-94AC52332393}
[2018.08.02-06.39.46:594][  0]LogInit: Transaction tracking system initialized
[2018.08.02-06.39.46:611][  0]BlueprintLog: New page: 에디터 로드
[2018.08.02-06.39.46:673][  0]LocalizationService: 현지화 서비스가 비활성화되었습니다.
[2018.08.02-06.39.46:763][  0]LogConsoleResponse: Display: 
[2018.08.02-06.39.46:954][  0]LogCook: Display: Max memory allowance for cook 16384mb min free memory 0mb
[2018.08.02-06.39.46:954][  0]LogCook: Display: Mobile HDR setting 1
[2018.08.02-06.39.46:954][  0]LogGameplayTags: Display: UGameplayTagsManager::DoneAddingNativeTags. DelegateIsBound: 0
[2018.08.02-06.39.46:954][  0]LogStats: UGameplayTagsManager::ConstructGameplayTagTree: Construct from data asset -  0.000 s
[2018.08.02-06.39.46:954][  0]LogStats: UGameplayTagsManager::ConstructGameplayTagTree: GameplayTagTreeChangedEvent.Broadcast -  0.000 s
[2018.08.02-06.39.47:259][  0]LogFileCache: Scanning file cache for directory 'E:/unreal/ProjectFPS/Content/' took 0.01s
[2018.08.02-06.39.47:259][  0]SourceControl: 소스 콘트롤이 꺼졌습니다.
[2018.08.02-06.39.47:259][  0]Cmd: MAP LOAD FILE="E:/unreal/ProjectFPS/Content/StarterContent/Maps/Minimal_Default.umap" TEMPLATE=0 SHOWPROGRESS=1 FEATURELEVEL=3
[2018.08.02-06.39.47:260][  0]LightingResults: New page: 라이팅 빌드
[2018.08.02-06.39.47:262][  0]MapCheck: New page: 맵 체크
[2018.08.02-06.39.47:262][  0]LightingResults: New page: 라이팅 빌드
[2018.08.02-06.39.47:551][  0]LogAIModule: Creating AISystem for world Minimal_Default
[2018.08.02-06.39.47:560][  0]LogEditorServer: Finished looking for orphan Actors (0.000 secs)
[2018.08.02-06.39.47:573][  0]Cmd: MAP CHECKDEP NOCLEARLOG
[2018.08.02-06.39.47:623][  0]MapCheck: 맵 체크 완료: 오류 0 회, 경고 0 회, 소요 시간 49.341ms.
[2018.08.02-06.39.47:623][  0]LogFileHelpers: Loading map 'Minimal_Default' took 0.364
[2018.08.02-06.39.47:737][  0]LogCollectionManager: Loaded 0 collections in 0.001197 seconds
[2018.08.02-06.39.47:778][  0]LogFileCache: Scanning file cache for directory 'E:/unreal/ProjectFPS/Saved/Collections/' took 0.01s
[2018.08.02-06.39.47:779][  0]LogFileCache: Scanning file cache for directory 'E:/unreal/ProjectFPS/Content/Developers/com/Collections/' took 0.01s
[2018.08.02-06.39.47:779][  0]LogFileCache: Scanning file cache for directory 'E:/unreal/ProjectFPS/Content/Collections/' took 0.01s
[2018.08.02-06.39.47:779][  0]LogCollectionManager: Rebuilt the GUID cache for 0 collections in 0.000001 seconds
[2018.08.02-06.39.47:799][  0]LogContentBrowser: Native class hierarchy populated in 0.0204 seconds. Added 2456 classes and 563 folders.
[2018.08.02-06.39.47:808][  0]LogContentBrowser: Native class hierarchy updated for 'WidgetCarousel' in 0.0004 seconds. Added 0 classes and 0 folders.
[2018.08.02-06.39.47:854][  0]LogContentBrowser: Native class hierarchy updated for 'AddContentDialog' in 0.0004 seconds. Added 0 classes and 0 folders.
[2018.08.02-06.39.47:858][  0]LogContentBrowser: Native class hierarchy updated for 'SceneOutliner' in 0.0004 seconds. Added 1 classes and 2 folders.
[2018.08.02-06.39.47:912][  0]LogSlate: Took 0.000274 seconds to synchronously load lazily loaded font '../../../Engine/Content/Slate/Fonts/Roboto-Regular.ttf' (155K)
[2018.08.02-06.39.47:916][  0]LogSlate: Took 0.002989 seconds to synchronously load lazily loaded font '../../../Engine/Content/Editor/Slate/Fonts/NanumGothic.ttf' (4243K)
[2018.08.02-06.39.47:920][  0]LogSlate: Took 0.003672 seconds to synchronously load lazily loaded font '../../../Engine/Content/Editor/Slate/Fonts/NanumGothicBold.ttf' (4188K)
[2018.08.02-06.39.47:920][  0]LogSlate: Took 0.000166 seconds to synchronously load lazily loaded font '../../../Engine/Content/Slate/Fonts/Roboto-Bold.ttf' (160K)
[2018.08.02-06.39.47:925][  0]LogSlate: Took 0.000203 seconds to synchronously load lazily loaded font '../../../Engine/Content/Editor/Slate/Fonts/FontAwesome.ttf' (139K)
[2018.08.02-06.39.48:015][  0]LogRenderer: Reallocating scene render targets to support 872x580 Format 10 NumSamples 1 (Frame:1).
[2018.08.02-06.39.48:139][  0]LogContentBrowser: Native class hierarchy updated for 'HierarchicalLODOutliner' in 0.0008 seconds. Added 0 classes and 0 folders.
[2018.08.02-06.39.48:139][  0]LogLoad: (Engine Initialization) Total time: 9.87 seconds
[2018.08.02-06.39.48:139][  0]LogLoad: (Engine Initialization) Total Blueprint compile time: 0.00 seconds
[2018.08.02-06.39.48:173][  0]LogContentStreaming: Texture pool size now 1000 MB
[2018.08.02-06.39.48:201][  0]LogSlate: Took 0.000184 seconds to synchronously load lazily loaded font '../../../Engine/Content/Slate/Fonts/Roboto-Light.ttf' (167K)
[2018.08.02-06.39.48:224][  1]LogAssetRegistry: Asset discovery search completed in 5.6304 seconds
[2018.08.02-06.39.48:226][  1]LogCollectionManager: Rebuilt the object cache for 0 collections in 0.000001 seconds (found 0 objects)
[2018.08.02-06.39.48:226][  1]LogCollectionManager: Fixed up redirectors for 0 collections in 0.000056 seconds (updated 0 objects)
[2018.08.02-06.39.49:670][147]Cmd: PARTICLE RESET SELECTED
[2018.08.02-06.39.49:670][147]LogEditorServer: Exec Particle!
[2018.08.02-06.39.49:797][161]Cmd: PARTICLE RESET SELECTED
[2018.08.02-06.39.49:797][161]LogEditorServer: Exec Particle!
[2018.08.02-06.39.52:621][469]LogSlate: FSceneViewport::OnFocusLost() reason 0
[2018.08.02-06.39.52:813][488]LogUObjectGlobals: Created PersistentFrame Addr=0x000000006b327ce0, Size=144, Default__UE4ASP_HeroTPP_AnimBlueprint_C Function /Game/AnimStarterPack/UE4ASP_HeroTPP_AnimBlueprint.UE4ASP_HeroTPP_AnimBlueprint_C:ExecuteUbergraph_UE4ASP_HeroTPP_AnimBlueprint
[2018.08.02-06.39.52:815][488]LogUObjectGlobals: Created PersistentFrame Addr=0x0000000058d02380, Size=120, Default__Ue4ASP_Character_C Function /Game/AnimStarterPack/Ue4ASP_Character.Ue4ASP_Character_C:ExecuteUbergraph_Ue4ASP_Character
[2018.08.02-06.39.52:873][488]LogUObjectGlobals: Destroyed PersistentFrame Addr=0x000000006b327ce0, Size=144
[2018.08.02-06.39.52:873][488]LogUObjectGlobals: Created PersistentFrame Addr=0x0000000038d9afc0, Size=144, Default__UE4ASP_HeroTPP_AnimBlueprint_C Function /Engine/Transient.REINST_UE4ASP_HeroTPP_AnimBlueprint_C_0:ExecuteUbergraph_UE4ASP_HeroTPP_AnimBlueprint
[2018.08.02-06.39.52:873][488]LogUObjectGlobals: Destroyed PersistentFrame Addr=0x0000000058d02380, Size=120
[2018.08.02-06.39.52:873][488]LogUObjectGlobals: Created PersistentFrame Addr=0x0000000038258300, Size=120, Default__Ue4ASP_Character_C Function /Engine/Transient.REINST_Ue4ASP_Character_C_5:ExecuteUbergraph_Ue4ASP_Character
[2018.08.02-06.39.52:890][488]LogBlueprint: Warning: [Compiler Ue4ASP_Character] InputAction Event 가  Crouch 입력 액션  에 대해 알려지지 않은 'Crouch' 액션을 레퍼런싱합니다.
[2018.08.02-06.39.52:890][488]LogBlueprint: Warning: [Compiler Ue4ASP_Character] Input Axis Event 가  MoveForward 입력 축  에 대해 알려지지 않은 'MoveForward' 축을 레퍼런싱합니다.
[2018.08.02-06.39.52:890][488]LogBlueprint: Warning: [Compiler Ue4ASP_Character] Input Axis Event 가  LookUp 입력 축  에 대해 알려지지 않은 'LookUp' 축을 레퍼런싱합니다.
[2018.08.02-06.39.52:890][488]LogBlueprint: Warning: [Compiler Ue4ASP_Character] Input Axis Event 가  Turn 입력 축  에 대해 알려지지 않은 'Turn' 축을 레퍼런싱합니다.
[2018.08.02-06.39.52:890][488]LogBlueprint: Warning: [Compiler Ue4ASP_Character] Input Axis Event 가  MoveRight 입력 축  에 대해 알려지지 않은 'MoveRight' 축을 레퍼런싱합니다.
[2018.08.02-06.39.52:893][488]LogUObjectGlobals: Created PersistentFrame Addr=0x0000000038c89580, Size=144, Default__UE4ASP_HeroTPP_AnimBlueprint_C Function /Game/AnimStarterPack/UE4ASP_HeroTPP_AnimBlueprint.UE4ASP_HeroTPP_AnimBlueprint_C:ExecuteUbergraph_UE4ASP_HeroTPP_AnimBlueprint
[2018.08.02-06.39.52:895][488]LogUObjectGlobals: Created PersistentFrame Addr=0x0000000038caf240, Size=320, Default__Ue4ASP_Character_C Function /Game/AnimStarterPack/Ue4ASP_Character.Ue4ASP_Character_C:ExecuteUbergraph_Ue4ASP_Character
[2018.08.02-06.39.52:898][488]LogBlueprint: Warning: [Compiler Ue4ASP_Character] [0014.63] Ue4ASP_Character 컴파일에 성공했습니다만, 경고가 5 회 있습니다. [소요시간 29 ms] (/Game/AnimStarterPack/Ue4ASP_Character.Ue4ASP_Character)
[2018.08.02-06.39.52:983][488]LogSkeletalMesh: Skeletal Mesh found in DDC [4.453176ms] /Game/AnimStarterPack/UE4_Mannequin/Mesh/SK_Mannequin.SK_Mannequin
[2018.08.02-06.39.53:002][488]LogSlate: Took 0.000208 seconds to synchronously load lazily loaded font '../../../Engine/Content/Slate/Fonts/Roboto-Light.ttf' (167K)
[2018.08.02-06.39.53:255][488]LogContentBrowser: Native class hierarchy updated for 'BlueprintGraph' in 0.0007 seconds. Added 116 classes and 0 folders.
[2018.08.02-06.39.53:510][488]LogUObjectGlobals: Created PersistentFrame Addr=0x00000000665e6208, Size=4, Default__SKEL_PROTO_BP_AnimBlueprint_0_C Function /Engine/Transient.SKEL_PROTO_BP_AnimBlueprint_0_C:ExecuteUbergraph_PROTO_BP_AnimBlueprint_0
[2018.08.02-06.39.53:510][488]LogUObjectGlobals: Created PersistentFrame Addr=0x00000000665e61d0, Size=4, Default__PROTO_BP_AnimBlueprint_0_C Function /Engine/Transient.PROTO_BP_AnimBlueprint_0_C:ExecuteUbergraph_PROTO_BP_AnimBlueprint_0
[2018.08.02-06.39.53:902][488]LogSlate: Took 0.002338 seconds to synchronously load lazily loaded font '../../../Engine/Content/Slate/Fonts/Roboto-BoldCondensed.ttf' (158K)
[2018.08.02-06.39.57:325][807]LogSlate: Took 0.000243 seconds to synchronously load lazily loaded font '../../../Engine/Content/Slate/Fonts/Roboto-Italic.ttf' (157K)
[2018.08.02-06.40.01:876][ 18]LogContentBrowser: Native class hierarchy updated for 'SkeletonEditor' in 0.0006 seconds. Added 1 classes and 2 folders.
[2018.08.02-06.40.02:209][ 18]LogActorComponent: RegisterComponentWithWorld: (/Engine/Transient.World_5:PersistentLevel.Actor_0.DebugSkelMeshComponent_0) Already registered. Aborting.
[2018.08.02-06.40.02:212][ 18]LogContentBrowser: Native class hierarchy updated for 'PinnedCommandList' in 0.0004 seconds. Added 1 classes and 0 folders.
[2018.08.02-06.40.02:236][ 18]LogSkeletalMesh: USkeletalMeshComponent::InitArticulated : Bodies already created (/Engine/Transient.World_5:PersistentLevel.Actor_0.DebugSkelMeshComponent_0) - call TermArticulated first.
[2018.08.02-06.40.02:581][ 18]LogContentBrowser: Native class hierarchy updated for 'ClothingSystemEditorInterface' in 0.0004 seconds. Added 1 classes and 0 folders.
[2018.08.02-06.40.03:303][ 59]LogRenderer: Reallocating scene render targets to support 1144x928 Format 10 NumSamples 1 (Frame:42).
[2018.08.02-06.40.05:820][118]LogActorComponent: RegisterComponentWithWorld: (/Engine/Transient.World_8:PersistentLevel.Actor_1.DebugSkelMeshComponent_1) Already registered. Aborting.
[2018.08.02-06.40.05:843][118]LogSkeletalMesh: USkeletalMeshComponent::InitArticulated : Bodies already created (/Engine/Transient.World_8:PersistentLevel.Actor_1.DebugSkelMeshComponent_1) - call TermArticulated first.
[2018.08.02-06.40.46:926][767]Candidate modules for hot reload:
[2018.08.02-06.40.46:926][767]  ProjectFPS
[2018.08.02-06.40.46:926][767]Launching UnrealBuildTool... [C:/Program Files/Epic Games/UE_4.19/Engine/Binaries/DotNET/UnrealBuildTool.exe ProjectFPS -ModuleWithSuffix=ProjectFPS,7209 Win64 Development -editorrecompile -canskiplink "E:/unreal/ProjectFPS/ProjectFPS.uproject" ]
[2018.08.02-06.40.46:928][767]Warning: Starting HotReload took  0.1s.
[2018.08.02-06.41.04:445][770]CompilerResultsLog: New page: 컴파일 - 2018. 8. 3. 오전 12:41:04
[2018.08.02-06.41.04:445][770]CompilerResultsLog: Compiling game modules for hot reload
[2018.08.02-06.41.04:445][770]CompilerResultsLog: Performing 3 actions (2 in parallel)
[2018.08.02-06.41.04:445][770]CompilerResultsLog: FPS_Character.cpp
[2018.08.02-06.41.04:445][770]CompilerResultsLog: [2/3] Link UE4Editor-ProjectFPS-7209.dll
[2018.08.02-06.41.04:445][770]CompilerResultsLog: [3/3] Link UE4Editor-ProjectFPS-7209.lib
[2018.08.02-06.41.04:445][770]CompilerResultsLog:    E:\unreal\ProjectFPS\Intermediate\Build\Win64\UE4Editor\Development\UE4Editor-ProjectFPS-7209.suppressed.lib ???̺귯?? ?? E:\unreal\ProjectFPS\Intermediate\Build\Win64\UE4Editor\Development\UE4Editor-ProjectFPS-7209.suppressed.exp ??ü?? ?????ϰ? ?ֽ??ϴ?.
[2018.08.02-06.41.04:445][770]CompilerResultsLog:    E:\unreal\ProjectFPS\Intermediate\Build\Win64\UE4Editor\Development\UE4Editor-ProjectFPS-7209.lib ???̺귯?? ?? E:\unreal\ProjectFPS\Intermediate\Build\Win64\UE4Editor\Development\UE4Editor-ProjectFPS-7209.exp ??ü?? ?????ϰ? ?ֽ??ϴ?.
[2018.08.02-06.41.04:445][770]CompilerResultsLog: Total build time: 17.20 seconds (Local executor: 14.81 seconds)
[2018.08.02-06.41.04:445][770]LogMainFrame: MainFrame: Module compiling took 17.533 seconds
[2018.08.02-06.41.04:473][770]LogUObjectGlobals: Destroyed PersistentFrame Addr=0x0000000038258300, Size=120
[2018.08.02-06.41.04:473][770]LogUObjectGlobals: Destroyed PersistentFrame Addr=0x0000000038d9afc0, Size=144
[2018.08.02-06.41.04:483][770]LogContentBrowser: Native class hierarchy updated for 'ProjectFPS' in 0.0005 seconds. Added 2 classes and 2 folders.
[2018.08.02-06.41.04:487][770]Display: HotReload successful (0 functions remapped  0 scriptstructs remapped)
[2018.08.02-06.41.04:797][770]LogContentBrowser: Native class hierarchy populated in 0.0087 seconds. Added 2458 classes and 567 folders.
[2018.08.02-06.41.04:798][770]Display: HotReload took 18.0s.
[2018.08.02-06.41.07:438][934]LogTemp: Repeating last play command: 선택된 뷰포트
[2018.08.02-06.41.07:452][934]LogBlueprintUserMessages: Early PlayInEditor Detection: Level '/Game/StarterContent/Maps/Minimal_Default.Minimal_Default:PersistentLevel' has LevelScriptBlueprint '/Game/StarterContent/Maps/Minimal_Default.Minimal_Default:PersistentLevel.Minimal_Default' with GeneratedClass '/Game/StarterContent/Maps/Minimal_Default.Minimal_Default_C' with ClassGeneratedBy '/Game/StarterContent/Maps/Minimal_Default.Minimal_Default:PersistentLevel.Minimal_Default'
[2018.08.02-06.41.07:452][934]LogPlayLevel: PlayLevel: No blueprints needed recompiling
[2018.08.02-06.41.07:452][934]PIE: New page: PIE 세션: Minimal_Default (2018. 8. 3. 오전 12:41:07)
[2018.08.02-06.41.07:452][934]LogPlayLevel: Creating play world package: /Game/StarterContent/Maps/UEDPIE_0_Minimal_Default
[2018.08.02-06.41.07:457][934]LogPlayLevel: PIE: StaticDuplicateObject took: (0.004333s)
[2018.08.02-06.41.07:457][934]LogAIModule: Creating AISystem for world Minimal_Default
[2018.08.02-06.41.07:457][934]LogPlayLevel: PIE: World Init took: (0.000729s)
[2018.08.02-06.41.07:457][934]LogPlayLevel: PIE: Created PIE world by copying editor world from /Game/StarterContent/Maps/Minimal_Default.Minimal_Default to /Game/StarterContent/Maps/UEDPIE_0_Minimal_Default.Minimal_Default (0.005211s)
[2018.08.02-06.41.07:500][934]LogInit: XAudio2 using '헤드폰(High Definition Audio 장치)' : 2 channels at 44.1 kHz using 16 bits per sample (channel mask 0x3)
[2018.08.02-06.41.07:508][934]LogInit: FAudioDevice initialized.
[2018.08.02-06.41.07:555][934]LogLoad: Game class is 'BP_FPSGameMode_C'
[2018.08.02-06.41.07:556][934]LogWorld: Bringing World /Game/StarterContent/Maps/UEDPIE_0_Minimal_Default.Minimal_Default up for play (max tick rate 0) at 2018.08.02-15.41.07
[2018.08.02-06.41.07:556][934]LogWorld: Bringing up level for play took: 0.001096
[2018.08.02-06.41.07:572][934]LogContentBrowser: Native class hierarchy updated for 'MovieSceneCapture' in 0.0004 seconds. Added 11 classes and 0 folders.
[2018.08.02-06.41.07:574][934]PIE: /Game/StarterContent/Maps/UEDPIE_0_Minimal_Default 에 대한 에디터에서 플레이 시작 시간: 0.468
[2018.08.02-06.41.07:574][934]LogBlueprintUserMessages: Late PlayInEditor Detection: Level '/Game/StarterContent/Maps/Minimal_Default.Minimal_Default:PersistentLevel' has LevelScriptBlueprint '/Game/StarterContent/Maps/Minimal_Default.Minimal_Default:PersistentLevel.Minimal_Default' with GeneratedClass '/Game/StarterContent/Maps/Minimal_Default.Minimal_Default_C' with ClassGeneratedBy '/Game/StarterContent/Maps/Minimal_Default.Minimal_Default:PersistentLevel.Minimal_Default'
[2018.08.02-06.41.07:796][935]LogWindows: Windows GetLastError: 작업을 완료했습니다. (0)
[2018.08.02-06.41.08:273][935]LogThreadingWindows: Error: Runnable thread TaskGraphThreadHP 2 crashed.
[2018.08.02-06.41.08:273][935]LogWindows: Error: === Critical error: ===
[2018.08.02-06.41.08:273][935]LogWindows: Error: 
[2018.08.02-06.41.08:273][935]LogWindows: Error: Assertion failed: (Index >= 0) & (Index < ArrayNum) [File:D:\Build\++UE4+Release-4.19+Compile\Sync\Engine\Source\Runtime\Core\Public\Containers/Array.h] [Line: 610] 
[2018.08.02-06.41.08:273][935]LogWindows: Error: Array index out of bounds: 0 from an array of size 0
[2018.08.02-06.41.08:273][935]LogWindows: Error: 
[2018.08.02-06.41.08:273][935]LogWindows: Error: 
[2018.08.02-06.41.08:273][935]LogWindows: Error: [Callstack] 0x00000000FD189E5D KERNELBASE.dll!UnknownFunction []
[2018.08.02-06.41.08:273][935]LogWindows: Error: [Callstack] 0x00000000F6A57884 UE4Editor-ApplicationCore.dll!UnknownFunction []
[2018.08.02-06.41.08:273][935]LogWindows: Error: [Callstack] 0x00000000EE5C6D9B UE4Editor-Core.dll!UnknownFunction []
[2018.08.02-06.41.08:273][935]LogWindows: Error: [Callstack] 0x00000000EE501949 UE4Editor-Core.dll!UnknownFunction []
[2018.08.02-06.41.08:273][935]LogWindows: Error: [Callstack] 0x00000000EB7FE808 UE4Editor-Engine.dll!UnknownFunction []
[2018.08.02-06.41.08:273][935]LogWindows: Error: [Callstack] 0x00000000EB813A62 UE4Editor-Engine.dll!UnknownFunction []
[2018.08.02-06.41.08:273][935]LogWindows: Error: [Callstack] 0x00000000EB7FB83F UE4Editor-Engine.dll!UnknownFunction []
[2018.08.02-06.41.08:273][935]LogWindows: Error: [Callstack] 0x00000000EB7FE0A3 UE4Editor-Engine.dll!UnknownFunction []
[2018.08.02-06.41.08:273][935]LogWindows: Error: [Callstack] 0x00000000EE3DAAB4 UE4Editor-Core.dll!UnknownFunction []
[2018.08.02-06.41.08:273][935]LogWindows: Error: [Callstack] 0x00000000EE3DBEC8 UE4Editor-Core.dll!UnknownFunction []
[2018.08.02-06.41.08:273][935]LogWindows: Error: [Callstack] 0x00000000EE3EAE05 UE4Editor-Core.dll!UnknownFunction []
[2018.08.02-06.41.08:273][935]LogWindows: Error: [Callstack] 0x00000000EE7A9FFC UE4Editor-Core.dll!UnknownFunction []
[2018.08.02-06.41.08:273][935]LogWindows: Error: [Callstack] 0x00000000EE79ED63 UE4Editor-Core.dll!UnknownFunction []
[2018.08.02-06.41.08:273][935]LogWindows: Error: [Callstack] 0x0000000076FE652D kernel32.dll!UnknownFunction []
[2018.08.02-06.41.08:273][935]LogWindows: Error: [Callstack] 0x000000007711C541 ntdll.dll!UnknownFunction []
[2018.08.02-06.41.08:273][935]LogWindows: Error: [Callstack] 0x000000007711C541 ntdll.dll!UnknownFunction []
[2018.08.02-06.41.08:273][935]LogWindows: Error: 
[2018.08.02-06.41.08:273][935]LogWindows: Error: Crash in runnable thread TaskGraphThreadHP 2
[2018.08.02-06.41.13:305][935]LogExit: Executing StaticShutdownAfterError
[2018.08.02-06.41.13:306][935]LogWindows: FPlatformMisc::RequestExit(1)
[2018.08.02-06.41.13:306][935]Log file closed, 08/02/18 15:41:13
